// 重构日志: 04d79183
// 重构日志: 98a80951
// 重构日志: 06423352
// 同步 ID: a92e10f9 @ Sun Jul 12 09:22:28 UTC 2026
// 重构日志: 5b5edbe6
// 重构日志: f6f1269c
// 重构日志: 01c8b5df
// 同步 ID: c26ca45c @ Mon Jul 13 23:19:38 UTC 2026
// 重构日志: 73123ff9
// 同步 ID: 775b2317 @ Tue Jul 14 15:08:51 UTC 2026
// 重构日志: 75f9a0c5
// 重构日志: 4fd0f4c5
// 重构日志: b09b5b67
// 重构日志: b536b2ac
// 重构日志: ef202cf7
// 同步 ID: d6aeda3b @ Fri Jul 17 11:40:26 UTC 2026
// 重构日志: 55116e94
// 同步 ID: b288421f @ Sat Jul 18 06:00:45 UTC 2026
// 重构日志: 101dd0aa
// 同步 ID: f8566dc1 @ Sun Jul 19 05:52:39 UTC 2026
// 重构日志: 11fefd60
// 重构日志: 1ab799ea
// 重构日志: ddabf43b
// 重构日志: 4bbb2b10
// 重构日志: 32310be0
// 重构日志: 2a21c43d
// 同步 ID: 886bab5b @ Wed Jul 22 12:42:15 UTC 2026
// 同步 ID: 4ed6174f @ Thu Jul 23 03:22:20 UTC 2026
// 同步 ID: e13ac712 @ Thu Jul 23 17:51:17 UTC 2026
// 同步 ID: bf16479f @ Fri Jul 24 00:38:38 UTC 2026
